<?xml version="1.0" encoding="UTF-8"?>
<!-- Generated by org.testng.reporters.JUnitXMLReporter -->
<testsuite hostname="DESKTOP-FEJVQKG" ignored="5" name="OMS" tests="6" failures="1" timestamp="2022-01-19T13:34:27 IST" time="287.719" errors="0">
  <testcase name="TC05_COM_LoginFunctionality" time="16.946" classname="com.perfaware.automation.oms.sterling.common.testcases.COM_LoginFunctionality">
    <skipped/>
  </testcase> <!-- TC05_COM_LoginFunctionality -->
  <testcase name="TC05_COM_LoginFunctionality" time="13.187" classname="com.perfaware.automation.oms.sterling.common.testcases.COM_LoginFunctionality">
    <failure type="java.lang.AssertionError" message="expected [Invalid Credentials passed. Please try again...] but found [The combination of user name and password you entered does not match any existing accounts. Please try again.]">
      <![CDATA[java.lang.AssertionError: expected [Invalid Credentials passed. Please try again...] but found [The combination of user name and password you entered does not match any existing accounts. Please try again.]
at com.perfaware.automation.oms.sterling.common.com.pageobjects.Page_COM_Login.captureLoginError(Page_COM_Login.java:72)
at com.perfaware.automation.oms.sterling.common.testcases.COM_LoginFunctionality.TC05_COM_LoginFunctionality(COM_LoginFunctionality.java:92)
at java.util.concurrent.ThreadPoolExecutor.runWorker(ThreadPoolExecutor.java:1149)
at java.util.concurrent.ThreadPoolExecutor$Worker.run(ThreadPoolExecutor.java:624)
at java.lang.Thread.run(Thread.java:748)
... Removed 18 stack frames]]>
    </failure>
  </testcase> <!-- TC05_COM_LoginFunctionality -->
  <testcase name="TC01_XML_BOPIS_SL_OrderFulfillment" time="68.067" classname="com.perfaware.automation.oms.sterling.common.testcases.XML_BOPIS_OrderFulfillment">
    <skipped/>
  </testcase> <!-- TC01_XML_BOPIS_SL_OrderFulfillment -->
  <testcase name="TC01_XML_BOPIS_SL_OrderFulfillment" time="39.872" classname="com.perfaware.automation.oms.sterling.common.testcases.XML_BOPIS_OrderFulfillment"/>
  <testcase name="TC02_XML_BOPIS_ML_OrderFulfillment" time="62.622" classname="com.perfaware.automation.oms.sterling.common.testcases.XML_BOPIS_OrderFulfillment"/>
  <testcase name="TC04_COM_RegisteredUser_SFS_ML_OrderFulfillment" time="264.659" classname="com.perfaware.automation.oms.sterling.common.testcases.COM_RegisteredUser_SFS_OrderFulfillment"/>
  <testcase name="@AfterSuite sendReports" time="0.0" classname="com.perfaware.automation.oms.sterling.common.testcaseUtils.TestCaseBase">
    <ignored/>
  </testcase> <!-- @AfterSuite sendReports -->
  <testcase name="@AfterSuite sendReports" time="0.0" classname="com.perfaware.automation.oms.sterling.common.testcaseUtils.TestCaseBase">
    <ignored/>
  </testcase> <!-- @AfterSuite sendReports -->
  <testcase name="@BeforeSuite initialSetup" time="0.0" classname="com.perfaware.automation.oms.sterling.common.testcaseUtils.TestCaseBase">
    <ignored/>
  </testcase> <!-- @BeforeSuite initialSetup -->
  <testcase name="@BeforeSuite initialSetup" time="0.0" classname="com.perfaware.automation.oms.sterling.common.testcaseUtils.TestCaseBase">
    <ignored/>
  </testcase> <!-- @BeforeSuite initialSetup -->
  <testcase name="TC03_COM_RegisteredUser_SFS_SL_OrderFulfillment" time="0.0" classname="com.perfaware.automation.oms.sterling.common.testcases.COM_RegisteredUser_SFS_OrderFulfillment">
    <ignored/>
  </testcase> <!-- TC03_COM_RegisteredUser_SFS_SL_OrderFulfillment -->
</testsuite> <!-- OMS -->
