<?xml version="1.0" encoding="UTF-8"?>
<!-- Generated by org.testng.reporters.JUnitXMLReporter -->
<testsuite hostname="DESKTOP-FEJVQKG" ignored="5" name="OMS" tests="5" failures="1" timestamp="2022-01-17T19:01:25 IST" time="315.156" errors="0">
  <testcase name="TC01_COM_LoginFunctionality" time="19.393" classname="com.perfaware.automation.oms.sterling.common.testcases.COM_LoginFunctionality">
    <skipped/>
  </testcase> <!-- TC01_COM_LoginFunctionality -->
  <testcase name="TC01_COM_LoginFunctionality" time="17.79" classname="com.perfaware.automation.oms.sterling.common.testcases.COM_LoginFunctionality">
    <failure type="org.openqa.selenium.JavascriptException" message="javascript error: Cannot read properties of null (reading &amp;apos;click&amp;apos;)
  (Session info: chrome=97.0.4692.71)
Build info: version: &amp;apos;3.141.59&amp;apos;, revision: &amp;apos;e82be7d358&amp;apos;, time: &amp;apos;2018-11-14T08:17:03&amp;apos;
System info: host: &amp;apos;DESKTOP-FEJVQKG&amp;apos;, ip: &amp;apos;192.168.0.103&amp;apos;, os.name: &amp;apos;Windows 10&amp;apos;, os.arch: &amp;apos;amd64&amp;apos;, os.version: &amp;apos;10.0&amp;apos;, java.version: &amp;apos;1.8.0_301&amp;apos;
Driver info: org.openqa.selenium.chrome.ChromeDriver
Capabilities {acceptInsecureCerts: false, browserName: chrome, browserVersion: 97.0.4692.71, chrome: {chromedriverVersion: 97.0.4692.71 (adefa7837d02a..., userDataDir: C:\Users\Admin\AppData\Loca...}, goog:chromeOptions: {debuggerAddress: localhost:52620}, javascriptEnabled: true, networkConnectionEnabled: false, pageLoadStrategy: normal, platform: WINDOWS, platformName: WINDOWS, proxy: Proxy(), setWindowRect: true, strictFileInteractability: false, timeouts: {implicit: 0, pageLoad: 300000, script: 30000}, unhandledPromptBehavior: dismiss and notify, webauthn:extension:credBlob: true, webauthn:extension:largeBlob: true, webauthn:virtualAuthenticators: true}
Session ID: 84fe62bafb24ab89a68a0eb17d554b7c">
      <![CDATA[org.openqa.selenium.JavascriptException: javascript error: Cannot read properties of null (reading 'click')
  (Session info: chrome=97.0.4692.71)
Build info: version: '3.141.59', revision: 'e82be7d358', time: '2018-11-14T08:17:03'
System info: host: 'DESKTOP-FEJVQKG', ip: '192.168.0.103', os.name: 'Windows 10', os.arch: 'amd64', os.version: '10.0', java.version: '1.8.0_301'
Driver info: org.openqa.selenium.chrome.ChromeDriver
Capabilities {acceptInsecureCerts: false, browserName: chrome, browserVersion: 97.0.4692.71, chrome: {chromedriverVersion: 97.0.4692.71 (adefa7837d02a..., userDataDir: C:\Users\Admin\AppData\Loca...}, goog:chromeOptions: {debuggerAddress: localhost:52620}, javascriptEnabled: true, networkConnectionEnabled: false, pageLoadStrategy: normal, platform: WINDOWS, platformName: WINDOWS, proxy: Proxy(), setWindowRect: true, strictFileInteractability: false, timeouts: {implicit: 0, pageLoad: 300000, script: 30000}, unhandledPromptBehavior: dismiss and notify, webauthn:extension:credBlob: true, webauthn:extension:largeBlob: true, webauthn:virtualAuthenticators: true}
Session ID: 84fe62bafb24ab89a68a0eb17d554b7c
at org.openqa.selenium.remote.http.W3CHttpResponseCodec.createException(W3CHttpResponseCodec.java:187)
at org.openqa.selenium.remote.http.W3CHttpResponseCodec.decode(W3CHttpResponseCodec.java:122)
at org.openqa.selenium.remote.http.W3CHttpResponseCodec.decode(W3CHttpResponseCodec.java:49)
at org.openqa.selenium.remote.HttpCommandExecutor.execute(HttpCommandExecutor.java:158)
at org.openqa.selenium.remote.service.DriverCommandExecutor.execute(DriverCommandExecutor.java:83)
at org.openqa.selenium.remote.RemoteWebDriver.execute(RemoteWebDriver.java:552)
at org.openqa.selenium.remote.RemoteWebDriver.executeScript(RemoteWebDriver.java:489)
at com.perfaware.automation.oms.sterling.common.utils.JavascriptExecutorUtilies.elementClick(JavascriptExecutorUtilies.java:36)
at com.perfaware.automation.oms.sterling.common.com.pageobjects.Page_Home.clickCreateOrder(Page_Home.java:43)
at com.perfaware.automation.oms.sterling.common.testcases.COM_LoginFunctionality.TC01_COM_LoginFunctionality(COM_LoginFunctionality.java:94)
at java.util.concurrent.ThreadPoolExecutor.runWorker(Unknown Source)
at java.util.concurrent.ThreadPoolExecutor$Worker.run(Unknown Source)
at java.lang.Thread.run(Unknown Source)
... Removed 16 stack frames]]>
    </failure>
  </testcase> <!-- TC01_COM_LoginFunctionality -->
  <testcase name="TC01_XML_BOPIS_SL_OrderFulfillment" time="90.844" classname="com.perfaware.automation.oms.sterling.common.testcases.XML_BOPIS_OrderFulfillment"/>
  <testcase name="TC02_XML_BOPIS_ML_OrderFulfillment" time="51.998" classname="com.perfaware.automation.oms.sterling.common.testcases.XML_BOPIS_OrderFulfillment"/>
  <testcase name="TC02_COM_RegisteredUser_SFS_OrderFulfillment" time="296.141" classname="com.perfaware.automation.oms.sterling.common.testcases.COM_RegisteredUser_SFS_OrderFulfillment"/>
  <testcase name="@AfterSuite sendReports" time="0.0" classname="com.perfaware.automation.oms.sterling.common.testcaseUtils.TestCaseBase">
    <ignored/>
  </testcase> <!-- @AfterSuite sendReports -->
  <testcase name="@AfterSuite sendReports" time="0.0" classname="com.perfaware.automation.oms.sterling.common.testcaseUtils.TestCaseBase">
    <ignored/>
  </testcase> <!-- @AfterSuite sendReports -->
  <testcase name="@BeforeSuite initialSetup" time="0.0" classname="com.perfaware.automation.oms.sterling.common.testcaseUtils.TestCaseBase">
    <ignored/>
  </testcase> <!-- @BeforeSuite initialSetup -->
  <testcase name="@BeforeSuite initialSetup" time="0.0" classname="com.perfaware.automation.oms.sterling.common.testcaseUtils.TestCaseBase">
    <ignored/>
  </testcase> <!-- @BeforeSuite initialSetup -->
  <testcase name="TC01_COM_RegisteredUser_SFS_OrderFulfillment" time="0.0" classname="com.perfaware.automation.oms.sterling.common.testcases.COM_RegisteredUser_SFS_OrderFulfillment">
    <ignored/>
  </testcase> <!-- TC01_COM_RegisteredUser_SFS_OrderFulfillment -->
</testsuite> <!-- OMS -->
