<?xml version="1.0" encoding="UTF-8"?>
<testng-results skipped="0" failed="1" ignored="5" retried="2" total="11" passed="3">
  <reporter-output>
  </reporter-output>
  <suite name="OMS Regression Suite" duration-ms="287719" started-at="2022-01-19T13:29:39 IST" finished-at="2022-01-19T13:34:27 IST">
    <groups>
      <group name="Regression">
        <method signature="COM_LoginFunctionality.TC05_COM_LoginFunctionality()[pri:0, instance:com.perfaware.automation.oms.sterling.common.testcases.COM_LoginFunctionality@21a947fe]" name="TC05_COM_LoginFunctionality" class="com.perfaware.automation.oms.sterling.common.testcases.COM_LoginFunctionality"/>
        <method signature="COM_RegisteredUser_SFS_OrderFulfillment.TC04_COM_RegisteredUser_SFS_ML_OrderFulfillment()[pri:0, instance:com.perfaware.automation.oms.sterling.common.testcases.COM_RegisteredUser_SFS_OrderFulfillment@120d6fe6]" name="TC04_COM_RegisteredUser_SFS_ML_OrderFulfillment" class="com.perfaware.automation.oms.sterling.common.testcases.COM_RegisteredUser_SFS_OrderFulfillment"/>
        <method signature="XML_BOPIS_OrderFulfillment.TC01_XML_BOPIS_SL_OrderFulfillment()[pri:0, instance:com.perfaware.automation.oms.sterling.common.testcases.XML_BOPIS_OrderFulfillment@5606c0b]" name="TC01_XML_BOPIS_SL_OrderFulfillment" class="com.perfaware.automation.oms.sterling.common.testcases.XML_BOPIS_OrderFulfillment"/>
        <method signature="XML_BOPIS_OrderFulfillment.TC02_XML_BOPIS_ML_OrderFulfillment()[pri:0, instance:com.perfaware.automation.oms.sterling.common.testcases.XML_BOPIS_OrderFulfillment@5606c0b]" name="TC02_XML_BOPIS_ML_OrderFulfillment" class="com.perfaware.automation.oms.sterling.common.testcases.XML_BOPIS_OrderFulfillment"/>
      </group> <!-- Regression -->
      <group name="Smoke">
        <method signature="XML_BOPIS_OrderFulfillment.TC02_XML_BOPIS_ML_OrderFulfillment()[pri:0, instance:com.perfaware.automation.oms.sterling.common.testcases.XML_BOPIS_OrderFulfillment@5606c0b]" name="TC02_XML_BOPIS_ML_OrderFulfillment" class="com.perfaware.automation.oms.sterling.common.testcases.XML_BOPIS_OrderFulfillment"/>
      </group> <!-- Smoke -->
    </groups>
    <test name="OMS" duration-ms="287719" started-at="2022-01-19T13:29:39 IST" finished-at="2022-01-19T13:34:27 IST">
      <class name="com.perfaware.automation.oms.sterling.common.testcases.XML_BOPIS_OrderFulfillment">
        <test-method status="PASS" signature="initiate()[pri:0, instance:com.perfaware.automation.oms.sterling.common.testcases.XML_BOPIS_OrderFulfillment@5606c0b]" name="initiate" is-config="true" duration-ms="311" started-at="2022-01-19T13:29:39 IST" finished-at="2022-01-19T13:29:40 IST">
          <reporter-output>
          </reporter-output>
        </test-method> <!-- initiate -->
        <test-method status="SKIP" signature="TC01_XML_BOPIS_SL_OrderFulfillment()[pri:0, instance:com.perfaware.automation.oms.sterling.common.testcases.XML_BOPIS_OrderFulfillment@5606c0b]" name="TC01_XML_BOPIS_SL_OrderFulfillment" duration-ms="68067" retried="true" started-at="2022-01-19T13:29:40 IST" finished-at="2022-01-19T13:30:48 IST">
          <exception class="java.lang.AssertionError">
            <message>
              <![CDATA[Status code for DifarmaMobileFinishCustomerPickService matches with expected code expected [200] but found [400]]]>
            </message>
            <full-stacktrace>
              <![CDATA[java.lang.AssertionError: Status code for DifarmaMobileFinishCustomerPickService matches with expected code expected [200] but found [400]
at org.testng.Assert.fail(Assert.java:99)
at org.testng.Assert.failNotEquals(Assert.java:1037)
at org.testng.Assert.assertEqualsImpl(Assert.java:140)
at org.testng.Assert.assertEquals(Assert.java:122)
at org.testng.Assert.assertEquals(Assert.java:907)
at org.testng.asserts.Assertion$26.doAssert(Assertion.java:338)
at org.testng.asserts.Assertion.executeAssert(Assertion.java:25)
at org.testng.asserts.Assertion.doAssert(Assertion.java:12)
at org.testng.asserts.Assertion.assertEquals(Assertion.java:334)
at com.perfaware.automation.oms.sterling.common.applicationHelper.RequestHelper.requestCreationInOMS(RequestHelper.java:282)
at com.perfaware.automation.oms.sterling.common.testcaseUtils.APIMethods.BopisOrderFulfillment(APIMethods.java:503)
at com.perfaware.automation.oms.sterling.common.testcases.XML_BOPIS_OrderFulfillment.TC01_XML_BOPIS_SL_OrderFulfillment(XML_BOPIS_OrderFulfillment.java:84)
at sun.reflect.NativeMethodAccessorImpl.invoke0(Native Method)
at sun.reflect.NativeMethodAccessorImpl.invoke(NativeMethodAccessorImpl.java:62)
at sun.reflect.DelegatingMethodAccessorImpl.invoke(DelegatingMethodAccessorImpl.java:43)
at java.lang.reflect.Method.invoke(Method.java:498)
at org.testng.internal.MethodInvocationHelper.invokeMethod(MethodInvocationHelper.java:133)
at org.testng.internal.TestInvoker.invokeMethod(TestInvoker.java:598)
at org.testng.internal.TestInvoker.invokeTestMethod(TestInvoker.java:173)
at org.testng.internal.MethodRunner.runInSequence(MethodRunner.java:46)
at org.testng.internal.TestInvoker$MethodInvocationAgent.invoke(TestInvoker.java:824)
at org.testng.internal.TestInvoker.invokeTestMethods(TestInvoker.java:146)
at org.testng.internal.TestMethodWorker.invokeTestMethods(TestMethodWorker.java:146)
at org.testng.internal.TestMethodWorker.run(TestMethodWorker.java:128)
at java.util.concurrent.ThreadPoolExecutor.runWorker(ThreadPoolExecutor.java:1149)
at java.util.concurrent.ThreadPoolExecutor$Worker.run(ThreadPoolExecutor.java:624)
at java.lang.Thread.run(Thread.java:748)
]]>
            </full-stacktrace>
          </exception> <!-- java.lang.AssertionError -->
          <reporter-output>
          </reporter-output>
        </test-method> <!-- TC01_XML_BOPIS_SL_OrderFulfillment -->
        <test-method status="PASS" signature="TC01_XML_BOPIS_SL_OrderFulfillment()[pri:0, instance:com.perfaware.automation.oms.sterling.common.testcases.XML_BOPIS_OrderFulfillment@5606c0b]" name="TC01_XML_BOPIS_SL_OrderFulfillment" duration-ms="39872" started-at="2022-01-19T13:30:48 IST" finished-at="2022-01-19T13:31:28 IST">
          <reporter-output>
          </reporter-output>
        </test-method> <!-- TC01_XML_BOPIS_SL_OrderFulfillment -->
        <test-method status="PASS" signature="TC02_XML_BOPIS_ML_OrderFulfillment()[pri:0, instance:com.perfaware.automation.oms.sterling.common.testcases.XML_BOPIS_OrderFulfillment@5606c0b]" name="TC02_XML_BOPIS_ML_OrderFulfillment" duration-ms="62622" started-at="2022-01-19T13:31:28 IST" finished-at="2022-01-19T13:32:30 IST">
          <reporter-output>
          </reporter-output>
        </test-method> <!-- TC02_XML_BOPIS_ML_OrderFulfillment -->
      </class> <!-- com.perfaware.automation.oms.sterling.common.testcases.XML_BOPIS_OrderFulfillment -->
      <class name="com.perfaware.automation.oms.sterling.common.testcases.COM_LoginFunctionality">
        <test-method status="PASS" signature="initiate()[pri:0, instance:com.perfaware.automation.oms.sterling.common.testcases.COM_LoginFunctionality@21a947fe]" name="initiate" is-config="true" duration-ms="340" started-at="2022-01-19T13:29:39 IST" finished-at="2022-01-19T13:29:40 IST">
          <reporter-output>
          </reporter-output>
        </test-method> <!-- initiate -->
        <test-method status="PASS" signature="driverInitialization()[pri:0, instance:com.perfaware.automation.oms.sterling.common.testcases.COM_LoginFunctionality@21a947fe]" name="driverInitialization" is-config="true" duration-ms="22153" started-at="2022-01-19T13:29:40 IST" finished-at="2022-01-19T13:30:02 IST">
          <reporter-output>
          </reporter-output>
        </test-method> <!-- driverInitialization -->
        <test-method status="SKIP" signature="TC05_COM_LoginFunctionality()[pri:0, instance:com.perfaware.automation.oms.sterling.common.testcases.COM_LoginFunctionality@21a947fe]" name="TC05_COM_LoginFunctionality" duration-ms="16946" retried="true" started-at="2022-01-19T13:30:02 IST" finished-at="2022-01-19T13:30:19 IST">
          <exception class="java.lang.AssertionError">
            <message>
              <![CDATA[expected [Invalid Credentials passed. Please try again...] but found [The combination of user name and password you entered does not match any existing accounts. Please try again.]]]>
            </message>
            <full-stacktrace>
              <![CDATA[java.lang.AssertionError: expected [Invalid Credentials passed. Please try again...] but found [The combination of user name and password you entered does not match any existing accounts. Please try again.]
at org.testng.Assert.fail(Assert.java:99)
at org.testng.Assert.failNotEquals(Assert.java:1037)
at org.testng.Assert.assertEqualsImpl(Assert.java:140)
at org.testng.Assert.assertEquals(Assert.java:122)
at org.testng.Assert.assertEquals(Assert.java:629)
at org.testng.Assert.assertEquals(Assert.java:639)
at com.perfaware.automation.oms.sterling.common.com.pageobjects.Page_COM_Login.captureLoginError(Page_COM_Login.java:72)
at com.perfaware.automation.oms.sterling.common.testcases.COM_LoginFunctionality.TC05_COM_LoginFunctionality(COM_LoginFunctionality.java:92)
at sun.reflect.NativeMethodAccessorImpl.invoke0(Native Method)
at sun.reflect.NativeMethodAccessorImpl.invoke(NativeMethodAccessorImpl.java:62)
at sun.reflect.DelegatingMethodAccessorImpl.invoke(DelegatingMethodAccessorImpl.java:43)
at java.lang.reflect.Method.invoke(Method.java:498)
at org.testng.internal.MethodInvocationHelper.invokeMethod(MethodInvocationHelper.java:133)
at org.testng.internal.TestInvoker.invokeMethod(TestInvoker.java:598)
at org.testng.internal.TestInvoker.invokeTestMethod(TestInvoker.java:173)
at org.testng.internal.MethodRunner.runInSequence(MethodRunner.java:46)
at org.testng.internal.TestInvoker$MethodInvocationAgent.invoke(TestInvoker.java:824)
at org.testng.internal.TestInvoker.invokeTestMethods(TestInvoker.java:146)
at org.testng.internal.TestMethodWorker.invokeTestMethods(TestMethodWorker.java:146)
at org.testng.internal.TestMethodWorker.run(TestMethodWorker.java:128)
at java.util.concurrent.ThreadPoolExecutor.runWorker(ThreadPoolExecutor.java:1149)
at java.util.concurrent.ThreadPoolExecutor$Worker.run(ThreadPoolExecutor.java:624)
at java.lang.Thread.run(Thread.java:748)
]]>
            </full-stacktrace>
          </exception> <!-- java.lang.AssertionError -->
          <reporter-output>
          </reporter-output>
        </test-method> <!-- TC05_COM_LoginFunctionality -->
        <test-method status="PASS" signature="tearDown()[pri:0, instance:com.perfaware.automation.oms.sterling.common.testcases.COM_LoginFunctionality@21a947fe]" name="tearDown" is-config="true" duration-ms="2550" started-at="2022-01-19T13:30:19 IST" finished-at="2022-01-19T13:30:21 IST">
          <reporter-output>
          </reporter-output>
        </test-method> <!-- tearDown -->
        <test-method status="PASS" signature="driverInitialization()[pri:0, instance:com.perfaware.automation.oms.sterling.common.testcases.COM_LoginFunctionality@21a947fe]" name="driverInitialization" is-config="true" duration-ms="11094" started-at="2022-01-19T13:30:21 IST" finished-at="2022-01-19T13:30:32 IST">
          <reporter-output>
          </reporter-output>
        </test-method> <!-- driverInitialization -->
        <test-method status="FAIL" signature="TC05_COM_LoginFunctionality()[pri:0, instance:com.perfaware.automation.oms.sterling.common.testcases.COM_LoginFunctionality@21a947fe]" name="TC05_COM_LoginFunctionality" duration-ms="13187" started-at="2022-01-19T13:30:32 IST" finished-at="2022-01-19T13:30:46 IST">
          <exception class="java.lang.AssertionError">
            <message>
              <![CDATA[expected [Invalid Credentials passed. Please try again...] but found [The combination of user name and password you entered does not match any existing accounts. Please try again.]]]>
            </message>
            <full-stacktrace>
              <![CDATA[java.lang.AssertionError: expected [Invalid Credentials passed. Please try again...] but found [The combination of user name and password you entered does not match any existing accounts. Please try again.]
at org.testng.Assert.fail(Assert.java:99)
at org.testng.Assert.failNotEquals(Assert.java:1037)
at org.testng.Assert.assertEqualsImpl(Assert.java:140)
at org.testng.Assert.assertEquals(Assert.java:122)
at org.testng.Assert.assertEquals(Assert.java:629)
at org.testng.Assert.assertEquals(Assert.java:639)
at com.perfaware.automation.oms.sterling.common.com.pageobjects.Page_COM_Login.captureLoginError(Page_COM_Login.java:72)
at com.perfaware.automation.oms.sterling.common.testcases.COM_LoginFunctionality.TC05_COM_LoginFunctionality(COM_LoginFunctionality.java:92)
at sun.reflect.NativeMethodAccessorImpl.invoke0(Native Method)
at sun.reflect.NativeMethodAccessorImpl.invoke(NativeMethodAccessorImpl.java:62)
at sun.reflect.DelegatingMethodAccessorImpl.invoke(DelegatingMethodAccessorImpl.java:43)
at java.lang.reflect.Method.invoke(Method.java:498)
at org.testng.internal.MethodInvocationHelper.invokeMethod(MethodInvocationHelper.java:133)
at org.testng.internal.TestInvoker.invokeMethod(TestInvoker.java:598)
at org.testng.internal.TestInvoker.retryFailed(TestInvoker.java:213)
at org.testng.internal.MethodRunner.runInSequence(MethodRunner.java:58)
at org.testng.internal.TestInvoker$MethodInvocationAgent.invoke(TestInvoker.java:824)
at org.testng.internal.TestInvoker.invokeTestMethods(TestInvoker.java:146)
at org.testng.internal.TestMethodWorker.invokeTestMethods(TestMethodWorker.java:146)
at org.testng.internal.TestMethodWorker.run(TestMethodWorker.java:128)
at java.util.concurrent.ThreadPoolExecutor.runWorker(ThreadPoolExecutor.java:1149)
at java.util.concurrent.ThreadPoolExecutor$Worker.run(ThreadPoolExecutor.java:624)
at java.lang.Thread.run(Thread.java:748)
]]>
            </full-stacktrace>
          </exception> <!-- java.lang.AssertionError -->
          <reporter-output>
          </reporter-output>
        </test-method> <!-- TC05_COM_LoginFunctionality -->
        <test-method status="PASS" signature="tearDown()[pri:0, instance:com.perfaware.automation.oms.sterling.common.testcases.COM_LoginFunctionality@21a947fe]" name="tearDown" is-config="true" duration-ms="2823" started-at="2022-01-19T13:30:46 IST" finished-at="2022-01-19T13:30:49 IST">
          <reporter-output>
          </reporter-output>
        </test-method> <!-- tearDown -->
      </class> <!-- com.perfaware.automation.oms.sterling.common.testcases.COM_LoginFunctionality -->
      <class name="com.perfaware.automation.oms.sterling.common.testcases.COM_RegisteredUser_SFS_OrderFulfillment">
        <test-method status="PASS" signature="initialSetup()[pri:0, instance:com.perfaware.automation.oms.sterling.common.testcases.COM_RegisteredUser_SFS_OrderFulfillment@120d6fe6]" name="initialSetup" is-config="true" duration-ms="3424" started-at="2022-01-19T13:29:35 IST" finished-at="2022-01-19T13:29:39 IST">
          <reporter-output>
          </reporter-output>
        </test-method> <!-- initialSetup -->
        <test-method status="PASS" signature="initiate()[pri:0, instance:com.perfaware.automation.oms.sterling.common.testcases.COM_RegisteredUser_SFS_OrderFulfillment@120d6fe6]" name="initiate" is-config="true" duration-ms="454" started-at="2022-01-19T13:29:39 IST" finished-at="2022-01-19T13:29:40 IST">
          <reporter-output>
          </reporter-output>
        </test-method> <!-- initiate -->
        <test-method status="PASS" signature="driverInitialization()[pri:0, instance:com.perfaware.automation.oms.sterling.common.testcases.COM_RegisteredUser_SFS_OrderFulfillment@120d6fe6]" name="driverInitialization" is-config="true" duration-ms="20991" started-at="2022-01-19T13:29:40 IST" finished-at="2022-01-19T13:30:01 IST">
          <reporter-output>
          </reporter-output>
        </test-method> <!-- driverInitialization -->
        <test-method status="PASS" signature="TC04_COM_RegisteredUser_SFS_ML_OrderFulfillment()[pri:0, instance:com.perfaware.automation.oms.sterling.common.testcases.COM_RegisteredUser_SFS_OrderFulfillment@120d6fe6]" name="TC04_COM_RegisteredUser_SFS_ML_OrderFulfillment" duration-ms="264659" started-at="2022-01-19T13:30:01 IST" finished-at="2022-01-19T13:34:25 IST">
          <reporter-output>
          </reporter-output>
        </test-method> <!-- TC04_COM_RegisteredUser_SFS_ML_OrderFulfillment -->
        <test-method status="PASS" signature="tearDown()[pri:0, instance:com.perfaware.automation.oms.sterling.common.testcases.COM_RegisteredUser_SFS_OrderFulfillment@120d6fe6]" name="tearDown" is-config="true" duration-ms="1222" started-at="2022-01-19T13:34:25 IST" finished-at="2022-01-19T13:34:27 IST">
          <reporter-output>
          </reporter-output>
        </test-method> <!-- tearDown -->
        <test-method status="PASS" signature="sendReports()[pri:0, instance:com.perfaware.automation.oms.sterling.common.testcases.COM_RegisteredUser_SFS_OrderFulfillment@120d6fe6]" name="sendReports" is-config="true" duration-ms="13713" started-at="2022-01-19T13:34:27 IST" finished-at="2022-01-19T13:34:41 IST">
          <reporter-output>
          </reporter-output>
        </test-method> <!-- sendReports -->
      </class> <!-- com.perfaware.automation.oms.sterling.common.testcases.COM_RegisteredUser_SFS_OrderFulfillment -->
    </test> <!-- OMS -->
  </suite> <!-- OMS Regression Suite -->
</testng-results>
