<!DOCTYPE html PUBLIC "-//W3C//DTD XHTML 1.1//EN" "https://www.w3.org/TR/xhtml11/DTD/xhtml11.dtd">
<html xmlns="https://www.w3.org/1999/xhtml">
<head>
<meta http-equiv="content-type" content="text/html; charset=UTF-8"/>
<title>TestNG Report</title>
<style type="text/css">table {margin-bottom:10px;border-collapse:collapse;empty-cells:show}th,td {border:1px solid #009;padding:.25em .5em}th {vertical-align:bottom}td {vertical-align:top}table a {font-weight:bold}.stripe td {background-color: #E6EBF9}.num {text-align:right}.passedodd td {background-color: #3F3}.passedeven td {background-color: #0A0}.skippedodd td {background-color: #DDD}.skippedeven td {background-color: #CCC}.failedodd td,.attn {background-color: #F33}.failedeven td,.stripe .attn {background-color: #D00}.stacktrace {white-space:pre;font-family:monospace}.totop {font-size:85%;text-align:center;border-bottom:2px solid #000}.invisible {display:none}</style>
</head>
<body>
<table>
<tr><th>Test</th><th># Passed</th><th># Skipped</th><th># Retried</th><th># Failed</th><th>Time (ms)</th><th>Included Groups</th><th>Excluded Groups</th></tr>
<tr><th colspan="8">OMS UI Test Suite</th></tr>
<tr><td><a href="#t0">OMS</a></td><td class="num">1</td><td class="num">0</td><td class="num">0</td><td class="num attn">3</td><td class="num">187,847</td><td></td><td></td></tr>
</table>
<table id='summary'><thead><tr><th>Class</th><th>Method</th><th>Start</th><th>Time (ms)</th></tr></thead><tbody><tr><th colspan="4">OMS UI Test Suite</th></tr></tbody><tbody id="t0"><tr><th colspan="4">OMS &#8212; failed</th></tr><tr class="failedeven"><td rowspan="1">com.perfaware.automation.oms.sterling.common.testcases.COM_Login</td><td><a href="#m0">TC04_COM_LoginFunctionality</a></td><td rowspan="1">1643614279223</td><td rowspan="1">13796</td></tr><tr class="failedodd"><td rowspan="2">com.perfaware.automation.oms.sterling.common.testcases.COM_RegisteredUser_SFS_OrderFulfillment</td><td><a href="#m1">TC03_COM_RegisteredUser_SFS_ML_OrderFulfillment</a></td><td rowspan="1">1643614327839</td><td rowspan="1">66668</td></tr><tr class="failedodd"><td><a href="#m2">TC05_COM_RegisteredUser_SFS_SL_OrderFulfillment</a></td><td rowspan="1">1643614320197</td><td rowspan="1">64680</td></tr><tr><th colspan="4">OMS &#8212; passed</th></tr><tr class="passedeven"><td rowspan="1">com.perfaware.automation.oms.sterling.common.testcases.COM_CustomerSearch</td><td><a href="#m3">TC06_COM_CreateConsumer</a></td><td rowspan="1">1643614331812</td><td rowspan="1">73619</td></tr></tbody>
</table>
<h2>OMS</h2><h3 id="m0">com.perfaware.automation.oms.sterling.common.testcases.COM_Login#TC04_COM_LoginFunctionality</h3><table class="result"><tr><th>Exception</th></tr><tr><td><div class="stacktrace">java.lang.AssertionError: expected [Invalid Credentials passed. Please try again...] but found [The combination of user name and password you entered does not match any existing accounts. Please try again.]
	at com.perfaware.automation.oms.sterling.common.com.pageobjects.Page_Login.captureLoginError(Page_Login.java:71)
	at com.perfaware.automation.oms.sterling.common.testcases.COM_Login.TC04_COM_LoginFunctionality(COM_Login.java:93)
	at java.util.concurrent.ThreadPoolExecutor.runWorker(Unknown Source)
	at java.util.concurrent.ThreadPoolExecutor$Worker.run(Unknown Source)
	at java.lang.Thread.run(Unknown Source)
... Removed 18 stack frames</div></td></tr></table><p class="totop"><a href="#summary">back to summary</a></p>
<h3 id="m1">com.perfaware.automation.oms.sterling.common.testcases.COM_RegisteredUser_SFS_OrderFulfillment#TC03_COM_RegisteredUser_SFS_ML_OrderFulfillment</h3><table class="result"><tr><th>Exception</th></tr><tr><td><div class="stacktrace">org.openqa.selenium.JavascriptException: javascript error: Cannot read properties of null (reading &apos;click&apos;)
  (Session info: chrome=97.0.4692.99)
Build info: version: &apos;3.141.59&apos;, revision: &apos;e82be7d358&apos;, time: &apos;2018-11-14T08:17:03&apos;
System info: host: &apos;DESKTOP-FEJVQKG&apos;, ip: &apos;192.168.0.103&apos;, os.name: &apos;Windows 10&apos;, os.arch: &apos;amd64&apos;, os.version: &apos;10.0&apos;, java.version: &apos;1.8.0_321&apos;
Driver info: org.openqa.selenium.chrome.ChromeDriver
Capabilities {acceptInsecureCerts: false, browserName: chrome, browserVersion: 97.0.4692.99, chrome: {chromedriverVersion: 97.0.4692.71 (adefa7837d02a..., userDataDir: C:\Users\Admin\AppData\Loca...}, goog:chromeOptions: {debuggerAddress: localhost:58005}, javascriptEnabled: true, networkConnectionEnabled: false, pageLoadStrategy: normal, platform: WINDOWS, platformName: WINDOWS, proxy: Proxy(), setWindowRect: true, strictFileInteractability: false, timeouts: {implicit: 0, pageLoad: 300000, script: 30000}, unhandledPromptBehavior: dismiss and notify, webauthn:extension:credBlob: true, webauthn:extension:largeBlob: true, webauthn:virtualAuthenticators: true}
Session ID: 0ce04a528c2aa5cdc21706847c821ed6
	at org.openqa.selenium.remote.http.W3CHttpResponseCodec.createException(W3CHttpResponseCodec.java:187)
	at org.openqa.selenium.remote.http.W3CHttpResponseCodec.decode(W3CHttpResponseCodec.java:122)
	at org.openqa.selenium.remote.http.W3CHttpResponseCodec.decode(W3CHttpResponseCodec.java:49)
	at org.openqa.selenium.remote.HttpCommandExecutor.execute(HttpCommandExecutor.java:158)
	at org.openqa.selenium.remote.service.DriverCommandExecutor.execute(DriverCommandExecutor.java:83)
	at org.openqa.selenium.remote.RemoteWebDriver.execute(RemoteWebDriver.java:552)
	at org.openqa.selenium.remote.RemoteWebDriver.executeScript(RemoteWebDriver.java:489)
	at com.perfaware.automation.oms.sterling.common.utils.JavascriptExecutorUtilies.elementClick(JavascriptExecutorUtilies.java:29)
	at com.perfaware.automation.oms.sterling.common.com.pageobjects.Page_FulfillmentSummary.clickShippingOptionsButton(Page_FulfillmentSummary.java:40)
	at com.perfaware.automation.oms.sterling.common.testcaseUtils.COMTestMethods.comSelectfulfillmentSummary(COMTestMethods.java:122)
	at com.perfaware.automation.oms.sterling.common.testcaseUtils.COMTestMethods.COM_RegisteredUser_OrderCreation(COMTestMethods.java:67)
	at com.perfaware.automation.oms.sterling.common.testcases.COM_RegisteredUser_SFS_OrderFulfillment.TC03_COM_RegisteredUser_SFS_ML_OrderFulfillment(COM_RegisteredUser_SFS_OrderFulfillment.java:132)
	at java.util.concurrent.ThreadPoolExecutor.runWorker(Unknown Source)
	at java.util.concurrent.ThreadPoolExecutor$Worker.run(Unknown Source)
	at java.lang.Thread.run(Unknown Source)
... Removed 16 stack frames</div></td></tr></table><p class="totop"><a href="#summary">back to summary</a></p>
<h3 id="m2">com.perfaware.automation.oms.sterling.common.testcases.COM_RegisteredUser_SFS_OrderFulfillment#TC05_COM_RegisteredUser_SFS_SL_OrderFulfillment</h3><table class="result"><tr><th>Exception</th></tr><tr><td><div class="stacktrace">org.openqa.selenium.JavascriptException: javascript error: Cannot read properties of null (reading &apos;click&apos;)
  (Session info: chrome=97.0.4692.99)
Build info: version: &apos;3.141.59&apos;, revision: &apos;e82be7d358&apos;, time: &apos;2018-11-14T08:17:03&apos;
System info: host: &apos;DESKTOP-FEJVQKG&apos;, ip: &apos;192.168.0.103&apos;, os.name: &apos;Windows 10&apos;, os.arch: &apos;amd64&apos;, os.version: &apos;10.0&apos;, java.version: &apos;1.8.0_321&apos;
Driver info: org.openqa.selenium.chrome.ChromeDriver
Capabilities {acceptInsecureCerts: false, browserName: chrome, browserVersion: 97.0.4692.99, chrome: {chromedriverVersion: 97.0.4692.71 (adefa7837d02a..., userDataDir: C:\Users\Admin\AppData\Loca...}, goog:chromeOptions: {debuggerAddress: localhost:57946}, javascriptEnabled: true, networkConnectionEnabled: false, pageLoadStrategy: normal, platform: WINDOWS, platformName: WINDOWS, proxy: Proxy(), setWindowRect: true, strictFileInteractability: false, timeouts: {implicit: 0, pageLoad: 300000, script: 30000}, unhandledPromptBehavior: dismiss and notify, webauthn:extension:credBlob: true, webauthn:extension:largeBlob: true, webauthn:virtualAuthenticators: true}
Session ID: 6e485846b372a71d86ffa8a1096825b8
	at org.openqa.selenium.remote.http.W3CHttpResponseCodec.createException(W3CHttpResponseCodec.java:187)
	at org.openqa.selenium.remote.http.W3CHttpResponseCodec.decode(W3CHttpResponseCodec.java:122)
	at org.openqa.selenium.remote.http.W3CHttpResponseCodec.decode(W3CHttpResponseCodec.java:49)
	at org.openqa.selenium.remote.HttpCommandExecutor.execute(HttpCommandExecutor.java:158)
	at org.openqa.selenium.remote.service.DriverCommandExecutor.execute(DriverCommandExecutor.java:83)
	at org.openqa.selenium.remote.RemoteWebDriver.execute(RemoteWebDriver.java:552)
	at org.openqa.selenium.remote.RemoteWebDriver.executeScript(RemoteWebDriver.java:489)
	at com.perfaware.automation.oms.sterling.common.utils.JavascriptExecutorUtilies.elementClick(JavascriptExecutorUtilies.java:29)
	at com.perfaware.automation.oms.sterling.common.com.pageobjects.Page_FulfillmentSummary.clickShippingOptionsButton(Page_FulfillmentSummary.java:40)
	at com.perfaware.automation.oms.sterling.common.testcaseUtils.COMTestMethods.comSelectfulfillmentSummary(COMTestMethods.java:122)
	at com.perfaware.automation.oms.sterling.common.testcaseUtils.COMTestMethods.COM_RegisteredUser_OrderCreation(COMTestMethods.java:67)
	at com.perfaware.automation.oms.sterling.common.testcases.COM_RegisteredUser_SFS_OrderFulfillment.TC05_COM_RegisteredUser_SFS_SL_OrderFulfillment(COM_RegisteredUser_SFS_OrderFulfillment.java:114)
	at java.util.concurrent.ThreadPoolExecutor.runWorker(Unknown Source)
	at java.util.concurrent.ThreadPoolExecutor$Worker.run(Unknown Source)
	at java.lang.Thread.run(Unknown Source)
... Removed 16 stack frames</div></td></tr></table><p class="totop"><a href="#summary">back to summary</a></p>
<h3 id="m3">com.perfaware.automation.oms.sterling.common.testcases.COM_CustomerSearch#TC06_COM_CreateConsumer</h3><table class="result"><tr><th class="invisible"/></tr></table><p class="totop"><a href="#summary">back to summary</a></p>
</body>
</html>
