<?xml version="1.0" encoding="UTF-8"?>
<!-- Generated by org.testng.reporters.JUnitXMLReporter -->
<testsuite hostname="DESKTOP-FEJVQKG" ignored="5" name="OMS" tests="6" failures="2" timestamp="2022-01-31T12:53:01 IST" time="165.448" errors="0">
  <testcase name="TC04_COM_LoginFunctionality" time="19.929" classname="com.perfaware.automation.oms.sterling.common.testcases.COM_Login">
    <skipped/>
  </testcase> <!-- TC04_COM_LoginFunctionality -->
  <testcase name="TC04_COM_LoginFunctionality" time="14.438" classname="com.perfaware.automation.oms.sterling.common.testcases.COM_Login">
    <failure type="java.lang.AssertionError" message="expected [Invalid Credentials passed. Please try again...] but found [The combination of user name and password you entered does not match any existing accounts. Please try again.]">
      <![CDATA[java.lang.AssertionError: expected [Invalid Credentials passed. Please try again...] but found [The combination of user name and password you entered does not match any existing accounts. Please try again.]
at com.perfaware.automation.oms.sterling.common.com.pageobjects.Page_Login.captureLoginError(Page_Login.java:71)
at com.perfaware.automation.oms.sterling.common.testcases.COM_Login.TC04_COM_LoginFunctionality(COM_Login.java:93)
at java.util.concurrent.ThreadPoolExecutor.runWorker(Unknown Source)
at java.util.concurrent.ThreadPoolExecutor$Worker.run(Unknown Source)
at java.lang.Thread.run(Unknown Source)
... Removed 18 stack frames]]>
    </failure>
  </testcase> <!-- TC04_COM_LoginFunctionality -->
  <testcase name="TC01_XML_BOPIS_SL_OrderFulfillment" time="84.702" classname="com.perfaware.automation.oms.sterling.common.testcases.XML_BOPIS_OrderFulfillment"/>
  <testcase name="TC03_COM_RegisteredUser_SFS_ML_OrderFulfillment" time="66.478" classname="com.perfaware.automation.oms.sterling.common.testcases.COM_RegisteredUser_SFS_OrderFulfillment">
    <skipped/>
  </testcase> <!-- TC03_COM_RegisteredUser_SFS_ML_OrderFulfillment -->
  <testcase name="TC02_XML_BOPIS_ML_OrderFulfillment" time="90.339" classname="com.perfaware.automation.oms.sterling.common.testcases.XML_BOPIS_OrderFulfillment"/>
  <testcase name="TC03_COM_RegisteredUser_SFS_ML_OrderFulfillment" time="66.168" classname="com.perfaware.automation.oms.sterling.common.testcases.COM_RegisteredUser_SFS_OrderFulfillment">
    <failure type="org.openqa.selenium.JavascriptException" message="javascript error: Cannot read properties of null (reading &amp;apos;click&amp;apos;)
  (Session info: chrome=97.0.4692.99)
Build info: version: &amp;apos;3.141.59&amp;apos;, revision: &amp;apos;e82be7d358&amp;apos;, time: &amp;apos;2018-11-14T08:17:03&amp;apos;
System info: host: &amp;apos;DESKTOP-FEJVQKG&amp;apos;, ip: &amp;apos;192.168.0.103&amp;apos;, os.name: &amp;apos;Windows 10&amp;apos;, os.arch: &amp;apos;amd64&amp;apos;, os.version: &amp;apos;10.0&amp;apos;, java.version: &amp;apos;1.8.0_321&amp;apos;
Driver info: org.openqa.selenium.chrome.ChromeDriver
Capabilities {acceptInsecureCerts: false, browserName: chrome, browserVersion: 97.0.4692.99, chrome: {chromedriverVersion: 97.0.4692.71 (adefa7837d02a..., userDataDir: C:\Users\Admin\AppData\Loca...}, goog:chromeOptions: {debuggerAddress: localhost:56940}, javascriptEnabled: true, networkConnectionEnabled: false, pageLoadStrategy: normal, platform: WINDOWS, platformName: WINDOWS, proxy: Proxy(), setWindowRect: true, strictFileInteractability: false, timeouts: {implicit: 0, pageLoad: 300000, script: 30000}, unhandledPromptBehavior: dismiss and notify, webauthn:extension:credBlob: true, webauthn:extension:largeBlob: true, webauthn:virtualAuthenticators: true}
Session ID: 04b7067a78ef33554b324e3e873368a9">
      <![CDATA[org.openqa.selenium.JavascriptException: javascript error: Cannot read properties of null (reading 'click')
  (Session info: chrome=97.0.4692.99)
Build info: version: '3.141.59', revision: 'e82be7d358', time: '2018-11-14T08:17:03'
System info: host: 'DESKTOP-FEJVQKG', ip: '192.168.0.103', os.name: 'Windows 10', os.arch: 'amd64', os.version: '10.0', java.version: '1.8.0_321'
Driver info: org.openqa.selenium.chrome.ChromeDriver
Capabilities {acceptInsecureCerts: false, browserName: chrome, browserVersion: 97.0.4692.99, chrome: {chromedriverVersion: 97.0.4692.71 (adefa7837d02a..., userDataDir: C:\Users\Admin\AppData\Loca...}, goog:chromeOptions: {debuggerAddress: localhost:56940}, javascriptEnabled: true, networkConnectionEnabled: false, pageLoadStrategy: normal, platform: WINDOWS, platformName: WINDOWS, proxy: Proxy(), setWindowRect: true, strictFileInteractability: false, timeouts: {implicit: 0, pageLoad: 300000, script: 30000}, unhandledPromptBehavior: dismiss and notify, webauthn:extension:credBlob: true, webauthn:extension:largeBlob: true, webauthn:virtualAuthenticators: true}
Session ID: 04b7067a78ef33554b324e3e873368a9
at org.openqa.selenium.remote.http.W3CHttpResponseCodec.createException(W3CHttpResponseCodec.java:187)
at org.openqa.selenium.remote.http.W3CHttpResponseCodec.decode(W3CHttpResponseCodec.java:122)
at org.openqa.selenium.remote.http.W3CHttpResponseCodec.decode(W3CHttpResponseCodec.java:49)
at org.openqa.selenium.remote.HttpCommandExecutor.execute(HttpCommandExecutor.java:158)
at org.openqa.selenium.remote.service.DriverCommandExecutor.execute(DriverCommandExecutor.java:83)
at org.openqa.selenium.remote.RemoteWebDriver.execute(RemoteWebDriver.java:552)
at org.openqa.selenium.remote.RemoteWebDriver.executeScript(RemoteWebDriver.java:489)
at com.perfaware.automation.oms.sterling.common.utils.JavascriptExecutorUtilies.elementClick(JavascriptExecutorUtilies.java:29)
at com.perfaware.automation.oms.sterling.common.com.pageobjects.Page_FulfillmentSummary.clickShippingOptionsButton(Page_FulfillmentSummary.java:40)
at com.perfaware.automation.oms.sterling.common.testcaseUtils.COMTestMethods.comSelectfulfillmentSummary(COMTestMethods.java:122)
at com.perfaware.automation.oms.sterling.common.testcaseUtils.COMTestMethods.COM_RegisteredUser_OrderCreation(COMTestMethods.java:67)
at com.perfaware.automation.oms.sterling.common.testcases.COM_RegisteredUser_SFS_OrderFulfillment.TC03_COM_RegisteredUser_SFS_ML_OrderFulfillment(COM_RegisteredUser_SFS_OrderFulfillment.java:132)
at java.util.concurrent.ThreadPoolExecutor.runWorker(Unknown Source)
at java.util.concurrent.ThreadPoolExecutor$Worker.run(Unknown Source)
at java.lang.Thread.run(Unknown Source)
... Removed 16 stack frames]]>
    </failure>
  </testcase> <!-- TC03_COM_RegisteredUser_SFS_ML_OrderFulfillment -->
  <testcase name="TC05_COM_RegisteredUser_SFS_SL_OrderFulfillment" time="0.0" classname="com.perfaware.automation.oms.sterling.common.testcases.COM_RegisteredUser_SFS_OrderFulfillment">
    <ignored/>
  </testcase> <!-- TC05_COM_RegisteredUser_SFS_SL_OrderFulfillment -->
  <testcase name="@AfterSuite sendReports" time="0.0" classname="com.perfaware.automation.oms.sterling.common.testcaseUtils.TestCaseBase">
    <ignored/>
  </testcase> <!-- @AfterSuite sendReports -->
  <testcase name="@AfterSuite sendReports" time="0.0" classname="com.perfaware.automation.oms.sterling.common.testcaseUtils.TestCaseBase">
    <ignored/>
  </testcase> <!-- @AfterSuite sendReports -->
  <testcase name="@BeforeSuite initialSetup" time="0.0" classname="com.perfaware.automation.oms.sterling.common.testcaseUtils.TestCaseBase">
    <ignored/>
  </testcase> <!-- @BeforeSuite initialSetup -->
  <testcase name="@BeforeSuite initialSetup" time="0.0" classname="com.perfaware.automation.oms.sterling.common.testcaseUtils.TestCaseBase">
    <ignored/>
  </testcase> <!-- @BeforeSuite initialSetup -->
</testsuite> <!-- OMS -->
